<?xml version="1.0" encoding="UTF-8"?>
<!-- Generated by org.testng.reporters.JUnitReportReporter -->
<testsuite skipped="0" hostname="bittechs-imac-4.lan" name="com.db.ReadDataProvider" tests="1" failures="0" timestamp="08 Sep 2019 16:46:54 GMT" time="0.011" errors="0">
  <testcase name="readTxtFile" time="0.011" classname="com.db.ReadDataProvider"/>
</testsuite> <!-- com.db.ReadDataProvider -->
